<?xml version="1.0" encoding="UTF-8"?>
<testng-results ignored="0" total="2" passed="2" failed="0" skipped="0">
  <reporter-output>
  </reporter-output>
  <suite started-at="2023-06-10T04:00:25 CEST" name="TestSuite" finished-at="2023-06-10T04:00:37 CEST" duration-ms="12192">
    <groups>
    </groups>
    <test started-at="2023-06-10T04:00:25 CEST" name="EdgeTest" finished-at="2023-06-10T04:00:37 CEST" duration-ms="12192">
      <class name="com.todos.tests.AddTodoTests">
        <test-method is-config="true" signature="setupTest(java.lang.String)[pri:0, instance:com.todos.tests.AddTodoTests@740cae06]" started-at="2023-06-10T04:00:25 CEST" name="setupTest" finished-at="2023-06-10T04:00:35 CEST" duration-ms="9813" status="PASS">
          <params>
            <param index="0">
              <value>
                <![CDATA[edge]]>
              </value>
            </param>
          </params>
          <reporter-output>
          </reporter-output>
        </test-method> <!-- setupTest -->
        <test-method signature="iCanAddTodo()[pri:1, instance:com.todos.tests.AddTodoTests@740cae06]" started-at="2023-06-10T04:00:35 CEST" name="iCanAddTodo" finished-at="2023-06-10T04:00:36 CEST" duration-ms="1168" status="PASS">
          <reporter-output>
          </reporter-output>
        </test-method> <!-- iCanAddTodo -->
        <test-method is-config="true" signature="cleanTest()[pri:0, instance:com.todos.tests.AddTodoTests@740cae06]" started-at="2023-06-10T04:00:36 CEST" name="cleanTest" finished-at="2023-06-10T04:00:37 CEST" duration-ms="1129" status="PASS">
          <reporter-output>
          </reporter-output>
        </test-method> <!-- cleanTest -->
      </class> <!-- com.todos.tests.AddTodoTests -->
    </test> <!-- EdgeTest -->
    <test started-at="2023-06-10T04:00:25 CEST" name="ChromeTest" finished-at="2023-06-10T04:00:37 CEST" duration-ms="12192">
      <class name="com.todos.tests.AddTodoTests">
        <test-method is-config="true" signature="setupTest(java.lang.String)[pri:0, instance:com.todos.tests.AddTodoTests@4803b726]" started-at="2023-06-10T04:00:25 CEST" name="setupTest" finished-at="2023-06-10T04:00:35 CEST" duration-ms="9823" status="PASS">
          <params>
            <param index="0">
              <value>
                <![CDATA[chrome]]>
              </value>
            </param>
          </params>
          <reporter-output>
          </reporter-output>
        </test-method> <!-- setupTest -->
        <test-method signature="iCanAddTodo()[pri:1, instance:com.todos.tests.AddTodoTests@4803b726]" started-at="2023-06-10T04:00:35 CEST" name="iCanAddTodo" finished-at="2023-06-10T04:00:36 CEST" duration-ms="1174" status="PASS">
          <reporter-output>
          </reporter-output>
        </test-method> <!-- iCanAddTodo -->
        <test-method is-config="true" signature="cleanTest()[pri:0, instance:com.todos.tests.AddTodoTests@4803b726]" started-at="2023-06-10T04:00:36 CEST" name="cleanTest" finished-at="2023-06-10T04:00:37 CEST" duration-ms="1126" status="PASS">
          <reporter-output>
          </reporter-output>
        </test-method> <!-- cleanTest -->
      </class> <!-- com.todos.tests.AddTodoTests -->
    </test> <!-- ChromeTest -->
  </suite> <!-- TestSuite -->
</testng-results>
